[2024-12-10 00:30:33] production.ERROR: SQLSTATE[HY000] [2002] php_network_getaddresses: getaddrinfo for blog.c1gy2cim2684.us-east-1.rds.amazonaws.com failed: nodename nor servname provided, or not known (Connection: mysql, SQL: delete from `cache`) {"exception":"[object] (Illuminate\\Database\\QueryException(code: 2002): SQLSTATE[HY000] [2002] php_network_getaddresses: getaddrinfo for blog.c1gy2cim2684.us-east-1.rds.amazonaws.com failed: nodename nor servname provided, or not known (Connection: mysql, SQL: delete from `cache`) at /Users/emirhan/Desktop/new/blogWebsiteBE/blog/.vapor/build/app/vendor/laravel/framework/src/Illuminate/Database/Connection.php:825)
[stacktrace]
#0 /Users/emirhan/Desktop/new/blogWebsiteBE/blog/.vapor/build/app/vendor/laravel/framework/src/Illuminate/Database/Connection.php(979): Illuminate\\Database\\Connection->runQueryCallback('delete from `ca...', Array, Object(Closure))
#1 /Users/emirhan/Desktop/new/blogWebsiteBE/blog/.vapor/build/app/vendor/laravel/framework/src/Illuminate/Database/Connection.php(958): Illuminate\\Database\\Connection->tryAgainIfCausedByLostConnection(Object(Illuminate\\Database\\QueryException), 'delete from `ca...', Array, Object(Closure))
#2 /Users/emirhan/Desktop/new/blogWebsiteBE/blog/.vapor/build/app/vendor/laravel/framework/src/Illuminate/Database/Connection.php(781): Illuminate\\Database\\Connection->handleQueryException(Object(Illuminate\\Database\\QueryException), 'delete from `ca...', Array, Object(Closure))
#3 /Users/emirhan/Desktop/new/blogWebsiteBE/blog/.vapor/build/app/vendor/laravel/framework/src/Illuminate/Database/Connection.php(584): Illuminate\\Database\\Connection->run('delete from `ca...', Array, Object(Closure))
#4 /Users/emirhan/Desktop/new/blogWebsiteBE/blog/.vapor/build/app/vendor/laravel/framework/src/Illuminate/Database/Connection.php(548): Illuminate\\Database\\Connection->affectingStatement('delete from `ca...', Array)
#5 /Users/emirhan/Desktop/new/blogWebsiteBE/blog/.vapor/build/app/vendor/laravel/framework/src/Illuminate/Database/Query/Builder.php(4066): Illuminate\\Database\\Connection->delete('delete from `ca...', Array)
#6 /Users/emirhan/Desktop/new/blogWebsiteBE/blog/.vapor/build/app/vendor/laravel/framework/src/Illuminate/Cache/DatabaseStore.php(421): Illuminate\\Database\\Query\\Builder->delete()
#7 /Users/emirhan/Desktop/new/blogWebsiteBE/blog/.vapor/build/app/vendor/laravel/framework/src/Illuminate/Cache/Repository.php(791): Illuminate\\Cache\\DatabaseStore->flush()
#8 /Users/emirhan/Desktop/new/blogWebsiteBE/blog/.vapor/build/app/vendor/laravel/framework/src/Illuminate/Cache/Console/ClearCommand.php(69): Illuminate\\Cache\\Repository->__call('flush', Array)
#9 /Users/emirhan/Desktop/new/blogWebsiteBE/blog/.vapor/build/app/vendor/laravel/framework/src/Illuminate/Container/BoundMethod.php(36): Illuminate\\Cache\\Console\\ClearCommand->handle()
#10 /Users/emirhan/Desktop/new/blogWebsiteBE/blog/.vapor/build/app/vendor/laravel/framework/src/Illuminate/Container/Util.php(43): Illuminate\\Container\\BoundMethod::{closure:Illuminate\\Container\\BoundMethod::call():35}()
#11 /Users/emirhan/Desktop/new/blogWebsiteBE/blog/.vapor/build/app/vendor/laravel/framework/src/Illuminate/Container/BoundMethod.php(95): Illuminate\\Container\\Util::unwrapIfClosure(Object(Closure))
#12 /Users/emirhan/Desktop/new/blogWebsiteBE/blog/.vapor/build/app/vendor/laravel/framework/src/Illuminate/Container/BoundMethod.php(35): Illuminate\\Container\\BoundMethod::callBoundMethod(Object(Illuminate\\Foundation\\Application), Array, Object(Closure))
#13 /Users/emirhan/Desktop/new/blogWebsiteBE/blog/.vapor/build/app/vendor/laravel/framework/src/Illuminate/Container/Container.php(694): Illuminate\\Container\\BoundMethod::call(Object(Illuminate\\Foundation\\Application), Array, Array, NULL)
#14 /Users/emirhan/Desktop/new/blogWebsiteBE/blog/.vapor/build/app/vendor/laravel/framework/src/Illuminate/Console/Command.php(213): Illuminate\\Container\\Container->call(Array)
#15 /Users/emirhan/Desktop/new/blogWebsiteBE/blog/.vapor/build/app/vendor/symfony/console/Command/Command.php(279): Illuminate\\Console\\Command->execute(Object(Symfony\\Component\\Console\\Input\\ArgvInput), Object(Illuminate\\Console\\OutputStyle))
#16 /Users/emirhan/Desktop/new/blogWebsiteBE/blog/.vapor/build/app/vendor/laravel/framework/src/Illuminate/Console/Command.php(182): Symfony\\Component\\Console\\Command\\Command->run(Object(Symfony\\Component\\Console\\Input\\ArgvInput), Object(Illuminate\\Console\\OutputStyle))
#17 /Users/emirhan/Desktop/new/blogWebsiteBE/blog/.vapor/build/app/vendor/symfony/console/Application.php(1047): Illuminate\\Console\\Command->run(Object(Symfony\\Component\\Console\\Input\\ArgvInput), Object(Symfony\\Component\\Console\\Output\\ConsoleOutput))
#18 /Users/emirhan/Desktop/new/blogWebsiteBE/blog/.vapor/build/app/vendor/symfony/console/Application.php(316): Symfony\\Component\\Console\\Application->doRunCommand(Object(Illuminate\\Cache\\Console\\ClearCommand), Object(Symfony\\Component\\Console\\Input\\ArgvInput), Object(Symfony\\Component\\Console\\Output\\ConsoleOutput))
#19 /Users/emirhan/Desktop/new/blogWebsiteBE/blog/.vapor/build/app/vendor/symfony/console/Application.php(167): Symfony\\Component\\Console\\Application->doRun(Object(Symfony\\Component\\Console\\Input\\ArgvInput), Object(Symfony\\Component\\Console\\Output\\ConsoleOutput))
#20 /Users/emirhan/Desktop/new/blogWebsiteBE/blog/.vapor/build/app/vendor/laravel/framework/src/Illuminate/Foundation/Console/Kernel.php(197): Symfony\\Component\\Console\\Application->run(Object(Symfony\\Component\\Console\\Input\\ArgvInput), Object(Symfony\\Component\\Console\\Output\\ConsoleOutput))
#21 /Users/emirhan/Desktop/new/blogWebsiteBE/blog/.vapor/build/app/vendor/laravel/framework/src/Illuminate/Foundation/Application.php(1205): Illuminate\\Foundation\\Console\\Kernel->handle(Object(Symfony\\Component\\Console\\Input\\ArgvInput), Object(Symfony\\Component\\Console\\Output\\ConsoleOutput))
#22 /Users/emirhan/Desktop/new/blogWebsiteBE/blog/.vapor/build/app/artisan(13): Illuminate\\Foundation\\Application->handleCommand(Object(Symfony\\Component\\Console\\Input\\ArgvInput))
#23 {main}

[previous exception] [object] (PDOException(code: 2002): SQLSTATE[HY000] [2002] php_network_getaddresses: getaddrinfo for blog.c1gy2cim2684.us-east-1.rds.amazonaws.com failed: nodename nor servname provided, or not known at /Users/emirhan/Desktop/new/blogWebsiteBE/blog/.vapor/build/app/vendor/laravel/framework/src/Illuminate/Database/Connectors/Connector.php:67)
[stacktrace]
#0 /Users/emirhan/Desktop/new/blogWebsiteBE/blog/.vapor/build/app/vendor/laravel/framework/src/Illuminate/Database/Connectors/Connector.php(67): PDO::connect('mysql:host=blog...', 'vapor', Object(SensitiveParameterValue), Array)
#1 /Users/emirhan/Desktop/new/blogWebsiteBE/blog/.vapor/build/app/vendor/laravel/framework/src/Illuminate/Database/Connectors/Connector.php(85): Illuminate\\Database\\Connectors\\Connector->createPdoConnection('mysql:host=blog...', 'vapor', Object(SensitiveParameterValue), Array)
#2 /Users/emirhan/Desktop/new/blogWebsiteBE/blog/.vapor/build/app/vendor/laravel/framework/src/Illuminate/Database/Connectors/Connector.php(48): Illuminate\\Database\\Connectors\\Connector->tryAgainIfCausedByLostConnection(Object(PDOException), 'mysql:host=blog...', 'vapor', Object(SensitiveParameterValue), Array)
#3 /Users/emirhan/Desktop/new/blogWebsiteBE/blog/.vapor/build/app/vendor/laravel/framework/src/Illuminate/Database/Connectors/MySqlConnector.php(24): Illuminate\\Database\\Connectors\\Connector->createConnection('mysql:host=blog...', Array, Array)
#4 /Users/emirhan/Desktop/new/blogWebsiteBE/blog/.vapor/build/app/vendor/laravel/framework/src/Illuminate/Database/Connectors/ConnectionFactory.php(185): Illuminate\\Database\\Connectors\\MySqlConnector->connect(Array)
#5 [internal function]: Illuminate\\Database\\Connectors\\ConnectionFactory->{closure:Illuminate\\Database\\Connectors\\ConnectionFactory::createPdoResolverWithHosts():180}()
#6 /Users/emirhan/Desktop/new/blogWebsiteBE/blog/.vapor/build/app/vendor/laravel/framework/src/Illuminate/Database/Connection.php(1231): call_user_func(Object(Closure))
#7 /Users/emirhan/Desktop/new/blogWebsiteBE/blog/.vapor/build/app/vendor/laravel/framework/src/Illuminate/Database/Connection.php(592): Illuminate\\Database\\Connection->getPdo()
#8 /Users/emirhan/Desktop/new/blogWebsiteBE/blog/.vapor/build/app/vendor/laravel/framework/src/Illuminate/Database/Connection.php(812): Illuminate\\Database\\Connection->{closure:Illuminate\\Database\\Connection::affectingStatement():584}('delete from `ca...', Array)
#9 /Users/emirhan/Desktop/new/blogWebsiteBE/blog/.vapor/build/app/vendor/laravel/framework/src/Illuminate/Database/Connection.php(979): Illuminate\\Database\\Connection->runQueryCallback('delete from `ca...', Array, Object(Closure))
#10 /Users/emirhan/Desktop/new/blogWebsiteBE/blog/.vapor/build/app/vendor/laravel/framework/src/Illuminate/Database/Connection.php(958): Illuminate\\Database\\Connection->tryAgainIfCausedByLostConnection(Object(Illuminate\\Database\\QueryException), 'delete from `ca...', Array, Object(Closure))
#11 /Users/emirhan/Desktop/new/blogWebsiteBE/blog/.vapor/build/app/vendor/laravel/framework/src/Illuminate/Database/Connection.php(781): Illuminate\\Database\\Connection->handleQueryException(Object(Illuminate\\Database\\QueryException), 'delete from `ca...', Array, Object(Closure))
#12 /Users/emirhan/Desktop/new/blogWebsiteBE/blog/.vapor/build/app/vendor/laravel/framework/src/Illuminate/Database/Connection.php(584): Illuminate\\Database\\Connection->run('delete from `ca...', Array, Object(Closure))
#13 /Users/emirhan/Desktop/new/blogWebsiteBE/blog/.vapor/build/app/vendor/laravel/framework/src/Illuminate/Database/Connection.php(548): Illuminate\\Database\\Connection->affectingStatement('delete from `ca...', Array)
#14 /Users/emirhan/Desktop/new/blogWebsiteBE/blog/.vapor/build/app/vendor/laravel/framework/src/Illuminate/Database/Query/Builder.php(4066): Illuminate\\Database\\Connection->delete('delete from `ca...', Array)
#15 /Users/emirhan/Desktop/new/blogWebsiteBE/blog/.vapor/build/app/vendor/laravel/framework/src/Illuminate/Cache/DatabaseStore.php(421): Illuminate\\Database\\Query\\Builder->delete()
#16 /Users/emirhan/Desktop/new/blogWebsiteBE/blog/.vapor/build/app/vendor/laravel/framework/src/Illuminate/Cache/Repository.php(791): Illuminate\\Cache\\DatabaseStore->flush()
#17 /Users/emirhan/Desktop/new/blogWebsiteBE/blog/.vapor/build/app/vendor/laravel/framework/src/Illuminate/Cache/Console/ClearCommand.php(69): Illuminate\\Cache\\Repository->__call('flush', Array)
#18 /Users/emirhan/Desktop/new/blogWebsiteBE/blog/.vapor/build/app/vendor/laravel/framework/src/Illuminate/Container/BoundMethod.php(36): Illuminate\\Cache\\Console\\ClearCommand->handle()
#19 /Users/emirhan/Desktop/new/blogWebsiteBE/blog/.vapor/build/app/vendor/laravel/framework/src/Illuminate/Container/Util.php(43): Illuminate\\Container\\BoundMethod::{closure:Illuminate\\Container\\BoundMethod::call():35}()
#20 /Users/emirhan/Desktop/new/blogWebsiteBE/blog/.vapor/build/app/vendor/laravel/framework/src/Illuminate/Container/BoundMethod.php(95): Illuminate\\Container\\Util::unwrapIfClosure(Object(Closure))
#21 /Users/emirhan/Desktop/new/blogWebsiteBE/blog/.vapor/build/app/vendor/laravel/framework/src/Illuminate/Container/BoundMethod.php(35): Illuminate\\Container\\BoundMethod::callBoundMethod(Object(Illuminate\\Foundation\\Application), Array, Object(Closure))
#22 /Users/emirhan/Desktop/new/blogWebsiteBE/blog/.vapor/build/app/vendor/laravel/framework/src/Illuminate/Container/Container.php(694): Illuminate\\Container\\BoundMethod::call(Object(Illuminate\\Foundation\\Application), Array, Array, NULL)
#23 /Users/emirhan/Desktop/new/blogWebsiteBE/blog/.vapor/build/app/vendor/laravel/framework/src/Illuminate/Console/Command.php(213): Illuminate\\Container\\Container->call(Array)
#24 /Users/emirhan/Desktop/new/blogWebsiteBE/blog/.vapor/build/app/vendor/symfony/console/Command/Command.php(279): Illuminate\\Console\\Command->execute(Object(Symfony\\Component\\Console\\Input\\ArgvInput), Object(Illuminate\\Console\\OutputStyle))
#25 /Users/emirhan/Desktop/new/blogWebsiteBE/blog/.vapor/build/app/vendor/laravel/framework/src/Illuminate/Console/Command.php(182): Symfony\\Component\\Console\\Command\\Command->run(Object(Symfony\\Component\\Console\\Input\\ArgvInput), Object(Illuminate\\Console\\OutputStyle))
#26 /Users/emirhan/Desktop/new/blogWebsiteBE/blog/.vapor/build/app/vendor/symfony/console/Application.php(1047): Illuminate\\Console\\Command->run(Object(Symfony\\Component\\Console\\Input\\ArgvInput), Object(Symfony\\Component\\Console\\Output\\ConsoleOutput))
#27 /Users/emirhan/Desktop/new/blogWebsiteBE/blog/.vapor/build/app/vendor/symfony/console/Application.php(316): Symfony\\Component\\Console\\Application->doRunCommand(Object(Illuminate\\Cache\\Console\\ClearCommand), Object(Symfony\\Component\\Console\\Input\\ArgvInput), Object(Symfony\\Component\\Console\\Output\\ConsoleOutput))
#28 /Users/emirhan/Desktop/new/blogWebsiteBE/blog/.vapor/build/app/vendor/symfony/console/Application.php(167): Symfony\\Component\\Console\\Application->doRun(Object(Symfony\\Component\\Console\\Input\\ArgvInput), Object(Symfony\\Component\\Console\\Output\\ConsoleOutput))
#29 /Users/emirhan/Desktop/new/blogWebsiteBE/blog/.vapor/build/app/vendor/laravel/framework/src/Illuminate/Foundation/Console/Kernel.php(197): Symfony\\Component\\Console\\Application->run(Object(Symfony\\Component\\Console\\Input\\ArgvInput), Object(Symfony\\Component\\Console\\Output\\ConsoleOutput))
#30 /Users/emirhan/Desktop/new/blogWebsiteBE/blog/.vapor/build/app/vendor/laravel/framework/src/Illuminate/Foundation/Application.php(1205): Illuminate\\Foundation\\Console\\Kernel->handle(Object(Symfony\\Component\\Console\\Input\\ArgvInput), Object(Symfony\\Component\\Console\\Output\\ConsoleOutput))
#31 /Users/emirhan/Desktop/new/blogWebsiteBE/blog/.vapor/build/app/artisan(13): Illuminate\\Foundation\\Application->handleCommand(Object(Symfony\\Component\\Console\\Input\\ArgvInput))
#32 {main}

[previous exception] [object] (PDOException(code: 0): PDO::connect(): php_network_getaddresses: getaddrinfo for blog.c1gy2cim2684.us-east-1.rds.amazonaws.com failed: nodename nor servname provided, or not known at /Users/emirhan/Desktop/new/blogWebsiteBE/blog/.vapor/build/app/vendor/laravel/framework/src/Illuminate/Database/Connectors/Connector.php:67)
[stacktrace]
#0 /Users/emirhan/Desktop/new/blogWebsiteBE/blog/.vapor/build/app/vendor/laravel/framework/src/Illuminate/Database/Connectors/Connector.php(67): PDO::connect('mysql:host=blog...', 'vapor', Object(SensitiveParameterValue), Array)
#1 /Users/emirhan/Desktop/new/blogWebsiteBE/blog/.vapor/build/app/vendor/laravel/framework/src/Illuminate/Database/Connectors/Connector.php(85): Illuminate\\Database\\Connectors\\Connector->createPdoConnection('mysql:host=blog...', 'vapor', Object(SensitiveParameterValue), Array)
#2 /Users/emirhan/Desktop/new/blogWebsiteBE/blog/.vapor/build/app/vendor/laravel/framework/src/Illuminate/Database/Connectors/Connector.php(48): Illuminate\\Database\\Connectors\\Connector->tryAgainIfCausedByLostConnection(Object(PDOException), 'mysql:host=blog...', 'vapor', Object(SensitiveParameterValue), Array)
#3 /Users/emirhan/Desktop/new/blogWebsiteBE/blog/.vapor/build/app/vendor/laravel/framework/src/Illuminate/Database/Connectors/MySqlConnector.php(24): Illuminate\\Database\\Connectors\\Connector->createConnection('mysql:host=blog...', Array, Array)
#4 /Users/emirhan/Desktop/new/blogWebsiteBE/blog/.vapor/build/app/vendor/laravel/framework/src/Illuminate/Database/Connectors/ConnectionFactory.php(185): Illuminate\\Database\\Connectors\\MySqlConnector->connect(Array)
#5 [internal function]: Illuminate\\Database\\Connectors\\ConnectionFactory->{closure:Illuminate\\Database\\Connectors\\ConnectionFactory::createPdoResolverWithHosts():180}()
#6 /Users/emirhan/Desktop/new/blogWebsiteBE/blog/.vapor/build/app/vendor/laravel/framework/src/Illuminate/Database/Connection.php(1231): call_user_func(Object(Closure))
#7 /Users/emirhan/Desktop/new/blogWebsiteBE/blog/.vapor/build/app/vendor/laravel/framework/src/Illuminate/Database/Connection.php(592): Illuminate\\Database\\Connection->getPdo()
#8 /Users/emirhan/Desktop/new/blogWebsiteBE/blog/.vapor/build/app/vendor/laravel/framework/src/Illuminate/Database/Connection.php(812): Illuminate\\Database\\Connection->{closure:Illuminate\\Database\\Connection::affectingStatement():584}('delete from `ca...', Array)
#9 /Users/emirhan/Desktop/new/blogWebsiteBE/blog/.vapor/build/app/vendor/laravel/framework/src/Illuminate/Database/Connection.php(979): Illuminate\\Database\\Connection->runQueryCallback('delete from `ca...', Array, Object(Closure))
#10 /Users/emirhan/Desktop/new/blogWebsiteBE/blog/.vapor/build/app/vendor/laravel/framework/src/Illuminate/Database/Connection.php(958): Illuminate\\Database\\Connection->tryAgainIfCausedByLostConnection(Object(Illuminate\\Database\\QueryException), 'delete from `ca...', Array, Object(Closure))
#11 /Users/emirhan/Desktop/new/blogWebsiteBE/blog/.vapor/build/app/vendor/laravel/framework/src/Illuminate/Database/Connection.php(781): Illuminate\\Database\\Connection->handleQueryException(Object(Illuminate\\Database\\QueryException), 'delete from `ca...', Array, Object(Closure))
#12 /Users/emirhan/Desktop/new/blogWebsiteBE/blog/.vapor/build/app/vendor/laravel/framework/src/Illuminate/Database/Connection.php(584): Illuminate\\Database\\Connection->run('delete from `ca...', Array, Object(Closure))
#13 /Users/emirhan/Desktop/new/blogWebsiteBE/blog/.vapor/build/app/vendor/laravel/framework/src/Illuminate/Database/Connection.php(548): Illuminate\\Database\\Connection->affectingStatement('delete from `ca...', Array)
#14 /Users/emirhan/Desktop/new/blogWebsiteBE/blog/.vapor/build/app/vendor/laravel/framework/src/Illuminate/Database/Query/Builder.php(4066): Illuminate\\Database\\Connection->delete('delete from `ca...', Array)
#15 /Users/emirhan/Desktop/new/blogWebsiteBE/blog/.vapor/build/app/vendor/laravel/framework/src/Illuminate/Cache/DatabaseStore.php(421): Illuminate\\Database\\Query\\Builder->delete()
#16 /Users/emirhan/Desktop/new/blogWebsiteBE/blog/.vapor/build/app/vendor/laravel/framework/src/Illuminate/Cache/Repository.php(791): Illuminate\\Cache\\DatabaseStore->flush()
#17 /Users/emirhan/Desktop/new/blogWebsiteBE/blog/.vapor/build/app/vendor/laravel/framework/src/Illuminate/Cache/Console/ClearCommand.php(69): Illuminate\\Cache\\Repository->__call('flush', Array)
#18 /Users/emirhan/Desktop/new/blogWebsiteBE/blog/.vapor/build/app/vendor/laravel/framework/src/Illuminate/Container/BoundMethod.php(36): Illuminate\\Cache\\Console\\ClearCommand->handle()
#19 /Users/emirhan/Desktop/new/blogWebsiteBE/blog/.vapor/build/app/vendor/laravel/framework/src/Illuminate/Container/Util.php(43): Illuminate\\Container\\BoundMethod::{closure:Illuminate\\Container\\BoundMethod::call():35}()
#20 /Users/emirhan/Desktop/new/blogWebsiteBE/blog/.vapor/build/app/vendor/laravel/framework/src/Illuminate/Container/BoundMethod.php(95): Illuminate\\Container\\Util::unwrapIfClosure(Object(Closure))
#21 /Users/emirhan/Desktop/new/blogWebsiteBE/blog/.vapor/build/app/vendor/laravel/framework/src/Illuminate/Container/BoundMethod.php(35): Illuminate\\Container\\BoundMethod::callBoundMethod(Object(Illuminate\\Foundation\\Application), Array, Object(Closure))
#22 /Users/emirhan/Desktop/new/blogWebsiteBE/blog/.vapor/build/app/vendor/laravel/framework/src/Illuminate/Container/Container.php(694): Illuminate\\Container\\BoundMethod::call(Object(Illuminate\\Foundation\\Application), Array, Array, NULL)
#23 /Users/emirhan/Desktop/new/blogWebsiteBE/blog/.vapor/build/app/vendor/laravel/framework/src/Illuminate/Console/Command.php(213): Illuminate\\Container\\Container->call(Array)
#24 /Users/emirhan/Desktop/new/blogWebsiteBE/blog/.vapor/build/app/vendor/symfony/console/Command/Command.php(279): Illuminate\\Console\\Command->execute(Object(Symfony\\Component\\Console\\Input\\ArgvInput), Object(Illuminate\\Console\\OutputStyle))
#25 /Users/emirhan/Desktop/new/blogWebsiteBE/blog/.vapor/build/app/vendor/laravel/framework/src/Illuminate/Console/Command.php(182): Symfony\\Component\\Console\\Command\\Command->run(Object(Symfony\\Component\\Console\\Input\\ArgvInput), Object(Illuminate\\Console\\OutputStyle))
#26 /Users/emirhan/Desktop/new/blogWebsiteBE/blog/.vapor/build/app/vendor/symfony/console/Application.php(1047): Illuminate\\Console\\Command->run(Object(Symfony\\Component\\Console\\Input\\ArgvInput), Object(Symfony\\Component\\Console\\Output\\ConsoleOutput))
#27 /Users/emirhan/Desktop/new/blogWebsiteBE/blog/.vapor/build/app/vendor/symfony/console/Application.php(316): Symfony\\Component\\Console\\Application->doRunCommand(Object(Illuminate\\Cache\\Console\\ClearCommand), Object(Symfony\\Component\\Console\\Input\\ArgvInput), Object(Symfony\\Component\\Console\\Output\\ConsoleOutput))
#28 /Users/emirhan/Desktop/new/blogWebsiteBE/blog/.vapor/build/app/vendor/symfony/console/Application.php(167): Symfony\\Component\\Console\\Application->doRun(Object(Symfony\\Component\\Console\\Input\\ArgvInput), Object(Symfony\\Component\\Console\\Output\\ConsoleOutput))
#29 /Users/emirhan/Desktop/new/blogWebsiteBE/blog/.vapor/build/app/vendor/laravel/framework/src/Illuminate/Foundation/Console/Kernel.php(197): Symfony\\Component\\Console\\Application->run(Object(Symfony\\Component\\Console\\Input\\ArgvInput), Object(Symfony\\Component\\Console\\Output\\ConsoleOutput))
#30 /Users/emirhan/Desktop/new/blogWebsiteBE/blog/.vapor/build/app/vendor/laravel/framework/src/Illuminate/Foundation/Application.php(1205): Illuminate\\Foundation\\Console\\Kernel->handle(Object(Symfony\\Component\\Console\\Input\\ArgvInput), Object(Symfony\\Component\\Console\\Output\\ConsoleOutput))
#31 /Users/emirhan/Desktop/new/blogWebsiteBE/blog/.vapor/build/app/artisan(13): Illuminate\\Foundation\\Application->handleCommand(Object(Symfony\\Component\\Console\\Input\\ArgvInput))
#32 {main}
"} 
